2016-12-17 20:00:29.916 [INFO ] DriverImp:77 - success in creating connection
2016-12-17 20:00:30.013 [INFO ] DriverImp:77 - success in creating connection
2016-12-17 20:00:30.023 [INFO ] DriverImp:77 - success in creating connection
2016-12-17 20:00:30.036 [ERROR] StatmentImp:110 - Error in Creating this Data Base
2016-12-17 20:00:30.039 [INFO ] DriverImp:77 - success in creating connection
2016-12-17 20:00:30.053 [INFO ] StatmentImp:107 - drop database test1 executed successfully.
2016-12-17 20:00:30.055 [INFO ] StatmentImp:107 - create Database test1; executed successfully.
2016-12-17 20:00:30.125 [INFO ] StatmentImp:107 - create table x(id int ,name varchar ,birthday date); executed successfully.
2016-12-17 20:00:30.126 [INFO ] DriverImp:77 - success in creating connection
2016-12-17 20:00:30.139 [INFO ] StatmentImp:107 - drop database tesT1 executed successfully.
2016-12-17 20:00:30.140 [INFO ] StatmentImp:107 - create Database test1; executed successfully.
2016-12-17 20:00:30.144 [INFO ] StatmentImp:107 - create table x(id int ,name varchar ,birthday date); executed successfully.
2016-12-17 20:00:30.145 [INFO ] DriverImp:77 - success in creating connection
2016-12-17 20:00:30.159 [INFO ] StatmentImp:107 - drop database tesT1 executed successfully.
2016-12-17 20:00:30.161 [INFO ] StatmentImp:107 - create Database test1; executed successfully.
2016-12-17 20:00:30.165 [INFO ] StatmentImp:107 - create table x(id int ,name varchar ,birthday date); executed successfully.
2016-12-17 20:00:30.170 [INFO ] StatmentImp:107 - create table x2(id int ,name varchar ,birthday date); executed successfully.
2016-12-17 20:00:30.189 [INFO ] StatmentImp:107 - insert       into x       values     (1    ,'value'   ,'1992-8-7'  )   ;   executed successfully.
2016-12-17 20:00:30.196 [INFO ] StatmentImp:107 - insert       into x2       values     (1    ,'value'   ,'1792-8-7'  )   ;   executed successfully.
2016-12-17 20:00:30.197 [INFO ] DriverImp:77 - success in creating connection
2016-12-17 20:00:30.210 [INFO ] StatmentImp:107 - drop database test1 executed successfully.
2016-12-17 20:00:30.212 [INFO ] StatmentImp:107 - create Database test1; executed successfully.
2016-12-17 20:00:30.215 [INFO ] StatmentImp:107 - create table x(id int ,name varchar ,birthday date); executed successfully.
2016-12-17 20:00:30.225 [INFO ] StatmentImp:107 - create table x2(id int ,name varchar ,birthday date); executed successfully.
2016-12-17 20:00:30.234 [INFO ] StatmentImp:107 - insert       into x       values     (1    ,'value'   ,'1992-8-7'  )   ;   executed successfully.
2016-12-17 20:00:30.242 [INFO ] StatmentImp:107 - insert       into x2       values     (1    ,'value'   ,'1792-8-7'  )   ;   executed successfully.
2016-12-17 20:00:30.248 [INFO ] StatmentImp:107 - insert       into x       values     (1    ,'value2'   ,'1792-8-7'  )   ;   executed successfully.
2016-12-17 20:00:30.253 [INFO ] StatmentImp:107 - insert       into x       values     (1    ,'value'   ,'1992-8-7'  )   ;   executed successfully.
2016-12-17 20:00:30.258 [INFO ] StatmentImp:107 - insert       into x2       values     (1    ,'value'   ,'1792-8-7'  )   ;   executed successfully.
2016-12-17 20:00:30.264 [INFO ] StatmentImp:107 - insert       into x       values     (1    ,'value2'   ,'1792-8-7'  )   ;   executed successfully.
2016-12-17 20:00:30.264 [INFO ] StatmentImp:196 - getting result data.
2016-12-17 21:00:54.382 [INFO ] DriverImp:77 - success in creating connection
2016-12-17 21:01:17.321 [INFO ] StatmentImp:107 - create database amr; executed successfully.
2016-12-17 21:03:51.839 [INFO ] DriverImp:77 - success in creating connection
2016-12-17 23:28:15.929 [INFO ] DriverImp:77 - success in creating connection
2016-12-17 23:28:16.396 [INFO ] DriverImp:77 - success in creating connection
2016-12-17 23:28:16.410 [INFO ] DriverImp:77 - success in creating connection
2016-12-17 23:28:16.426 [ERROR] StatmentImp:110 - Error in Creating this Data Base
2016-12-17 23:28:16.437 [INFO ] DriverImp:77 - success in creating connection
2016-12-17 23:28:16.453 [INFO ] StatmentImp:107 - drop database test1 executed successfully.
2016-12-17 23:28:16.456 [INFO ] StatmentImp:107 - create Database test1; executed successfully.
2016-12-17 23:28:16.559 [INFO ] StatmentImp:107 - create table x(id int ,name varchar ,birthday date); executed successfully.
2016-12-17 23:28:16.561 [INFO ] DriverImp:77 - success in creating connection
2016-12-17 23:28:16.577 [INFO ] StatmentImp:107 - drop database tesT1 executed successfully.
2016-12-17 23:28:16.580 [INFO ] StatmentImp:107 - create Database test1; executed successfully.
2016-12-17 23:28:16.585 [INFO ] StatmentImp:107 - create table x(id int ,name varchar ,birthday date); executed successfully.
2016-12-17 23:28:16.587 [INFO ] DriverImp:77 - success in creating connection
2016-12-17 23:28:16.600 [INFO ] StatmentImp:107 - drop database tesT1 executed successfully.
2016-12-17 23:28:16.602 [INFO ] StatmentImp:107 - create Database test1; executed successfully.
2016-12-17 23:28:16.607 [INFO ] StatmentImp:107 - create table x(id int ,name varchar ,birthday date); executed successfully.
2016-12-17 23:28:16.612 [INFO ] StatmentImp:107 - create table x2(id int ,name varchar ,birthday date); executed successfully.
2016-12-17 23:28:16.647 [INFO ] StatmentImp:107 - insert       into x       values     (1    ,'value'   ,'1992-8-7'  )   ;   executed successfully.
2016-12-17 23:28:16.659 [INFO ] StatmentImp:107 - insert       into x2       values     (1    ,'value'   ,'1792-8-7'  )   ;   executed successfully.
2016-12-17 23:28:16.660 [INFO ] DriverImp:77 - success in creating connection
2016-12-17 23:28:16.675 [INFO ] StatmentImp:107 - drop database test1 executed successfully.
2016-12-17 23:28:16.677 [INFO ] StatmentImp:107 - create Database test1; executed successfully.
2016-12-17 23:28:16.681 [INFO ] StatmentImp:107 - create table x(id int ,name varchar ,birthday date); executed successfully.
2016-12-17 23:28:16.687 [INFO ] StatmentImp:107 - create table x2(id int ,name varchar ,birthday date); executed successfully.
2016-12-17 23:28:16.705 [INFO ] StatmentImp:107 - insert       into x       values     (1    ,'value'   ,'1992-8-7'  )   ;   executed successfully.
2016-12-17 23:28:16.716 [INFO ] StatmentImp:107 - insert       into x2       values     (1    ,'value'   ,'1792-8-7'  )   ;   executed successfully.
2016-12-17 23:28:16.726 [INFO ] StatmentImp:107 - insert       into x       values     (1    ,'value2'   ,'1792-8-7'  )   ;   executed successfully.
2016-12-17 23:28:16.734 [INFO ] StatmentImp:107 - insert       into x       values     (1    ,'value'   ,'1992-8-7'  )   ;   executed successfully.
2016-12-17 23:28:16.745 [INFO ] StatmentImp:107 - insert       into x2       values     (1    ,'value'   ,'1792-8-7'  )   ;   executed successfully.
2016-12-17 23:28:16.758 [INFO ] StatmentImp:107 - insert       into x       values     (1    ,'value2'   ,'1792-8-7'  )   ;   executed successfully.
2016-12-17 23:28:16.758 [INFO ] StatmentImp:194 - getting result data.
2016-12-17 23:28:25.611 [INFO ] DriverImp:77 - success in creating connection
2016-12-17 23:28:25.672 [INFO ] DriverImp:77 - success in creating connection
2016-12-17 23:28:25.686 [INFO ] DriverImp:77 - success in creating connection
2016-12-17 23:28:25.702 [ERROR] StatmentImp:110 - Error in Creating this Data Base
2016-12-17 23:28:25.704 [INFO ] DriverImp:77 - success in creating connection
2016-12-17 23:28:25.721 [INFO ] StatmentImp:107 - drop database test1 executed successfully.
2016-12-17 23:28:25.724 [INFO ] StatmentImp:107 - create Database test1; executed successfully.
2016-12-17 23:28:25.805 [INFO ] StatmentImp:107 - create table x(id int ,name varchar ,birthday date); executed successfully.
2016-12-17 23:28:25.807 [INFO ] DriverImp:77 - success in creating connection
2016-12-17 23:28:25.819 [INFO ] StatmentImp:107 - drop database tesT1 executed successfully.
2016-12-17 23:28:25.821 [INFO ] StatmentImp:107 - create Database test1; executed successfully.
2016-12-17 23:28:25.826 [INFO ] StatmentImp:107 - create table x(id int ,name varchar ,birthday date); executed successfully.
2016-12-17 23:28:25.828 [INFO ] DriverImp:77 - success in creating connection
2016-12-17 23:28:25.844 [INFO ] StatmentImp:107 - drop database tesT1 executed successfully.
2016-12-17 23:28:25.845 [INFO ] StatmentImp:107 - create Database test1; executed successfully.
2016-12-17 23:28:25.850 [INFO ] StatmentImp:107 - create table x(id int ,name varchar ,birthday date); executed successfully.
2016-12-17 23:28:25.854 [INFO ] StatmentImp:107 - create table x2(id int ,name varchar ,birthday date); executed successfully.
2016-12-17 23:28:25.879 [INFO ] StatmentImp:107 - insert       into x       values     (1    ,'value'   ,'1992-8-7'  )   ;   executed successfully.
2016-12-17 23:28:25.892 [INFO ] StatmentImp:107 - insert       into x2       values     (1    ,'value'   ,'1792-8-7'  )   ;   executed successfully.
2016-12-17 23:28:25.893 [INFO ] DriverImp:77 - success in creating connection
2016-12-17 23:28:25.908 [INFO ] StatmentImp:107 - drop database test1 executed successfully.
2016-12-17 23:28:25.910 [INFO ] StatmentImp:107 - create Database test1; executed successfully.
2016-12-17 23:28:25.915 [INFO ] StatmentImp:107 - create table x(id int ,name varchar ,birthday date); executed successfully.
2016-12-17 23:28:25.921 [INFO ] StatmentImp:107 - create table x2(id int ,name varchar ,birthday date); executed successfully.
2016-12-17 23:28:25.935 [INFO ] StatmentImp:107 - insert       into x       values     (1    ,'value'   ,'1992-8-7'  )   ;   executed successfully.
2016-12-17 23:28:25.946 [INFO ] StatmentImp:107 - insert       into x2       values     (1    ,'value'   ,'1792-8-7'  )   ;   executed successfully.
2016-12-17 23:28:25.955 [INFO ] StatmentImp:107 - insert       into x       values     (1    ,'value2'   ,'1792-8-7'  )   ;   executed successfully.
2016-12-17 23:28:25.963 [INFO ] StatmentImp:107 - insert       into x       values     (1    ,'value'   ,'1992-8-7'  )   ;   executed successfully.
2016-12-17 23:28:25.971 [INFO ] StatmentImp:107 - insert       into x2       values     (1    ,'value'   ,'1792-8-7'  )   ;   executed successfully.
2016-12-17 23:28:25.987 [INFO ] StatmentImp:107 - insert       into x       values     (1    ,'value2'   ,'1792-8-7'  )   ;   executed successfully.
2016-12-17 23:28:25.988 [INFO ] StatmentImp:194 - getting result data.
